Build started 9/25/2015 9:15:54 AM.
     1>Project "D:\Documents\2DSideScroller\trunk\src\2DSideScroller.vcxproj" on node 2 (Build target(s)).
     1>ClCompile:
         D:\Program Files\Microsoft Visual Studio 2013\VC\bin\CL.exe /c /I..\lib\DeanLib /I"..\lib\SFML-2.3.2\include" /I"..\lib\SDL2-2.0.3\include" /I"..\lib\SDL2_ttf-2.0.12\include" /I"..\lib\SDL2_image-2.0.0\include" /ZI /nologo /W3 /WX- /sdl /Od /Oy- /D SFML_STATIC /D _MBCS /Gm /EHsc /RTC1 /MDd /GS /fp:precise /Zc:wchar_t /Zc:forScope /Fo"Debug\\" /Fd"Debug\vc120.pdb" /Gd /TP /analyze- /errorReport:prompt Animation.cpp EventListener.cpp EventSystem.cpp Font.cpp Game.cpp GraphicsSystem.cpp InputSystem.cpp Main.cpp Entity.cpp Player.cpp Point2i.cpp Rect.cpp Services.cpp Sprite.cpp Texture.cpp Vector2f.cpp
         Vector2f.cpp
         Texture.cpp
         Sprite.cpp
         Services.cpp
         Rect.cpp
         Point2i.cpp
         Player.cpp
         Entity.cpp
         Main.cpp
         InputSystem.cpp
         GraphicsSystem.cpp
     1>d:\documents\2dsidescroller\trunk\src\graphicssystem.cpp(88): warning C4244: 'initializing' : conversion from 'float' to 'int', possible loss of data
     1>d:\documents\2dsidescroller\trunk\src\graphicssystem.cpp(111): warning C4244: 'initializing' : conversion from 'float' to 'int', possible loss of data
     1>d:\documents\2dsidescroller\trunk\src\graphicssystem.cpp(127): warning C4244: 'initializing' : conversion from 'float' to 'int', possible loss of data
     1>d:\documents\2dsidescroller\trunk\src\graphicssystem.cpp(133): warning C4244: 'initializing' : conversion from 'float' to 'int', possible loss of data
     1>d:\documents\2dsidescroller\trunk\src\graphicssystem.cpp(152): warning C4244: 'initializing' : conversion from 'float' to 'int', possible loss of data
     1>d:\documents\2dsidescroller\trunk\src\graphicssystem.cpp(158): warning C4244: 'initializing' : conversion from 'float' to 'int', possible loss of data
     1>d:\documents\2dsidescroller\trunk\src\graphicssystem.cpp(200): warning C4244: 'initializing' : conversion from 'float' to 'int', possible loss of data
         Game.cpp
         Font.cpp
         EventSystem.cpp
         EventListener.cpp
         Animation.cpp
         Generating Code...
       Link:
         D:\Program Files\Microsoft Visual Studio 2013\VC\bin\link.exe /ERRORREPORT:PROMPT /OUT:"D:\Documents\2DSideScroller\trunk\src\Debug\2DSideScroller.exe" /INCREMENTAL /NOLOGO /LIBPATH:..\lib\DeanLib\Debug /LIBPATH:"..\lib\SFML-2.3.2\lib" /LIBPATH:"..\lib\SDL2-2.0.3\lib\x86" /LIBPATH:"..\lib\SDL2_ttf-2.0.12\lib\x86" /LIBPATH:"..\lib\SDL2_image-2.0.0\lib\x86" DeanLib.lib "sfml-graphics.lib" "sfml-window.lib" "sfml-system.lib" SDL2.lib SDL2main.lib SDL2_ttf.lib SDL2_image.lib kernel32.lib user32.lib gdi32.lib winspool.lib comdlg32.lib advapi32.lib shell32.lib ole32.lib oleaut32.lib uuid.lib odbc32.lib odbccp32.lib /MANIFEST /MANIFESTUAC:"level='asInvoker' uiAccess='false'" /manifest:embed /DEBUG /PDB:"D:\Documents\2DSideScroller\trunk\src\Debug\2DSideScroller.pdb" /SUBSYSTEM:CONSOLE /TLBID:1 /DYNAMICBASE /NXCOMPAT /IMPLIB:"D:\Documents\2DSideScroller\trunk\src\Debug\2DSideScroller.lib" /MACHINE:X86 Debug\Animation.obj
         Debug\EventListener.obj
         Debug\EventSystem.obj
         Debug\Font.obj
         Debug\Game.obj
         Debug\GraphicsSystem.obj
         Debug\InputSystem.obj
         Debug\Main.obj
         Debug\Entity.obj
         Debug\Player.obj
         Debug\Point2i.obj
         Debug\Rect.obj
         Debug\Services.obj
         Debug\Sprite.obj
         Debug\Texture.obj
         Debug\Vector2f.obj
     1>MSVCRTD.lib(cinitexe.obj) : warning LNK4098: defaultlib 'msvcrt.lib' conflicts with use of other libs; use /NODEFAULTLIB:library
         2DSideScroller.vcxproj -> D:\Documents\2DSideScroller\trunk\src\Debug\2DSideScroller.exe
     1>Done Building Project "D:\Documents\2DSideScroller\trunk\src\2DSideScroller.vcxproj" (Build target(s)).

Build succeeded.

Time Elapsed 00:00:06.20
